<?xml version="1.0" encoding="UTF-8"?>
<testng-results ignored="0" total="1" passed="1" failed="0" skipped="0">
  <reporter-output>
  </reporter-output>
  <suite started-at="2023-04-01T20:03:00 PDT" name="Default suite" finished-at="2023-04-01T20:03:14 PDT" duration-ms="13806">
    <groups>
    </groups>
    <test started-at="2023-04-01T20:03:00 PDT" name="Default test" finished-at="2023-04-01T20:03:14 PDT" duration-ms="13806">
      <class name="com.testscenarios.FbLoginHBP">
        <test-method is-config="true" signature="beforeMethod()[pri:0, instance:com.testscenarios.FbLoginHBP@49e53c76]" started-at="2023-04-01T20:03:00 PDT" name="beforeMethod" finished-at="2023-04-01T20:03:07 PDT" duration-ms="6656" status="PASS">
          <reporter-output>
          </reporter-output>
        </test-method> <!-- beforeMethod -->
        <test-method signature="f()[pri:0, instance:com.testscenarios.FbLoginHBP@49e53c76]" started-at="2023-04-01T20:03:07 PDT" name="f" finished-at="2023-04-01T20:03:14 PDT" duration-ms="7111" status="PASS">
          <reporter-output>
          </reporter-output>
        </test-method> <!-- f -->
      </class> <!-- com.testscenarios.FbLoginHBP -->
    </test> <!-- Default test -->
  </suite> <!-- Default suite -->
</testng-results>
